<?xml version="1.0" encoding="UTF-8"?>
<!-- Generated by org.testng.reporters.JUnitReportReporter -->
<testsuite skipped="0" hostname="RANITA-PC" name="com.qa.runner.TestRunner" tests="1" failures="0" timestamp="19 Jul 2019 08:46:42 GMT" time="18.873" errors="0">
  <testcase name="feature" time="18.873" classname="com.qa.runner.TestRunner"/>
</testsuite> <!-- com.qa.runner.TestRunner -->
